# JRE version: OpenJDK Runtime Environment (8.0_152-b02) (build 1.8.0_152-release-1024-b02)
# Java VM: OpenJDK 64-Bit Server VM (25.152-b02 mixed mode windows-amd64 compressed oops)
Heap:
 PSYoungGen      total 446976K, used 146240K [0x00000000e0000000, 0x00000000ff700000, 0x0000000100000000)
  eden space 383488K, 35% used [0x00000000e0000000,0x00000000e860e5f0,0x00000000f7680000)
  from space 63488K, 14% used [0x00000000f7680000,0x00000000f7f41db8,0x00000000fb480000)
  to   space 60416K, 0% used [0x00000000fbc00000,0x00000000fbc00000,0x00000000ff700000)
 ParOldGen       total 284672K, used 134203K [0x00000000a0000000, 0x00000000b1600000, 0x00000000e0000000)
  object space 284672K, 47% used [0x00000000a0000000,0x00000000a830ec58,0x00000000b1600000)
 Metaspace       used 95707K, capacity 102658K, committed 102744K, reserved 1138688K
  class space    used 11938K, capacity 13391K, committed 13400K, reserved 1048576K
GC Heap History (10 events):
Event: 6061.019 GC heap before
{Heap before GC invocations=75 (full 6):
 PSYoungGen      total 434688K, used 379922K [0x00000000e0000000, 0x00000000ff580000, 0x0000000100000000)
  eden space 353792K, 99% used [0x00000000e0000000,0x00000000f5950dc0,0x00000000f5980000)
  from space 80896K, 32% used [0x00000000fa580000,0x00000000fbf33c58,0x00000000ff480000)
  to   space 77824K, 0% used [0x00000000f5980000,0x00000000f5980000,0x00000000fa580000)
 ParOldGen       total 284672K, used 133410K [0x00000000a0000000, 0x00000000b1600000, 0x00000000e0000000)
  object space 284672K, 46% used [0x00000000a0000000,0x00000000a8248b68,0x00000000b1600000)
 Metaspace       used 95188K, capacity 102030K, committed 102232K, reserved 1138688K
  class space    used 11894K, capacity 13311K, committed 13400K, reserved 1048576K
Event: 6061.068 GC heap after
Heap after GC invocations=75 (full 6):
 PSYoungGen      total 431616K, used 24783K [0x00000000e0000000, 0x00000000ff500000, 0x0000000100000000)
  eden space 353792K, 0% used [0x00000000e0000000,0x00000000e0000000,0x00000000f5980000)
  from space 77824K, 31% used [0x00000000f5980000,0x00000000f71b3c40,0x00000000fa580000)
  to   space 73728K, 0% used [0x00000000fad00000,0x00000000fad00000,0x00000000ff500000)
 ParOldGen       total 284672K, used 133706K [0x00000000a0000000, 0x00000000b1600000, 0x00000000e0000000)
  object space 284672K, 46% used [0x00000000a0000000,0x00000000a8292bb8,0x00000000b1600000)
 Metaspace       used 95188K, capacity 102030K, committed 102232K, reserved 1138688K
  class space    used 11894K, capacity 13311K, committed 13400K, reserved 1048576K
}
Event: 6369.344 GC heap before
{Heap before GC invocations=76 (full 6):
 PSYoungGen      total 431616K, used 378575K [0x00000000e0000000, 0x00000000ff500000, 0x0000000100000000)
  eden space 353792K, 100% used [0x00000000e0000000,0x00000000f5980000,0x00000000f5980000)
  from space 77824K, 31% used [0x00000000f5980000,0x00000000f71b3c40,0x00000000fa580000)
  to   space 73728K, 0% used [0x00000000fad00000,0x00000000fad00000,0x00000000ff500000)
 ParOldGen       total 284672K, used 133706K [0x00000000a0000000, 0x00000000b1600000, 0x00000000e0000000)
  object space 284672K, 46% used [0x00000000a0000000,0x00000000a8292bb8,0x00000000b1600000)
 Metaspace       used 95318K, capacity 102284K, committed 102488K, reserved 1138688K
  class space    used 11899K, capacity 13320K, committed 13400K, reserved 1048576K
Event: 6369.354 GC heap after
Heap after GC invocations=76 (full 6):
 PSYoungGen      total 442368K, used 7415K [0x00000000e0000000, 0x00000000ff600000, 0x0000000100000000)
  eden space 368640K, 0% used [0x00000000e0000000,0x00000000e0000000,0x00000000f6800000)
  from space 73728K, 10% used [0x00000000fad00000,0x00000000fb43dd08,0x00000000ff500000)
  to   space 70656K, 0% used [0x00000000f6800000,0x00000000f6800000,0x00000000fad00000)
 ParOldGen       total 284672K, used 134011K [0x00000000a0000000, 0x00000000b1600000, 0x00000000e0000000)
  object space 284672K, 47% used [0x00000000a0000000,0x00000000a82dec08,0x00000000b1600000)
 Metaspace       used 95318K, capacity 102284K, committed 102488K, reserved 1138688K
  class space    used 11899K, capacity 13320K, committed 13400K, reserved 1048576K
}
Event: 6429.248 GC heap before
{Heap before GC invocations=77 (full 6):
 PSYoungGen      total 442368K, used 376055K [0x00000000e0000000, 0x00000000ff600000, 0x0000000100000000)
  eden space 368640K, 100% used [0x00000000e0000000,0x00000000f6800000,0x00000000f6800000)
  from space 73728K, 10% used [0x00000000fad00000,0x00000000fb43dd08,0x00000000ff500000)
  to   space 70656K, 0% used [0x00000000f6800000,0x00000000f6800000,0x00000000fad00000)
 ParOldGen       total 284672K, used 134011K [0x00000000a0000000, 0x00000000b1600000, 0x00000000e0000000)
  object space 284672K, 47% used [0x00000000a0000000,0x00000000a82dec08,0x00000000b1600000)
 Metaspace       used 95419K, capacity 102374K, committed 102488K, reserved 1138688K
  class space    used 11908K, capacity 13335K, committed 13400K, reserved 1048576K
Event: 6429.262 GC heap after
Heap after GC invocations=77 (full 6):
 PSYoungGen      total 439296K, used 9687K [0x00000000e0000000, 0x00000000ff600000, 0x0000000100000000)
  eden space 368640K, 0% used [0x00000000e0000000,0x00000000e0000000,0x00000000f6800000)
  from space 70656K, 13% used [0x00000000f6800000,0x00000000f7175d08,0x00000000fad00000)
  to   space 67072K, 0% used [0x00000000fb480000,0x00000000fb480000,0x00000000ff600000)
 ParOldGen       total 284672K, used 134187K [0x00000000a0000000, 0x00000000b1600000, 0x00000000e0000000)
  object space 284672K, 47% used [0x00000000a0000000,0x00000000a830ac58,0x00000000b1600000)
 Metaspace       used 95419K, capacity 102374K, committed 102488K, reserved 1138688K
  class space    used 11908K, capacity 13335K, committed 13400K, reserved 1048576K
}
Event: 6501.585 GC heap before
{Heap before GC invocations=78 (full 6):
 PSYoungGen      total 439296K, used 378327K [0x00000000e0000000, 0x00000000ff600000, 0x0000000100000000)
  eden space 368640K, 100% used [0x00000000e0000000,0x00000000f6800000,0x00000000f6800000)
  from space 70656K, 13% used [0x00000000f6800000,0x00000000f7175d08,0x00000000fad00000)
  to   space 67072K, 0% used [0x00000000fb480000,0x00000000fb480000,0x00000000ff600000)
 ParOldGen       total 284672K, used 134187K [0x00000000a0000000, 0x00000000b1600000, 0x00000000e0000000)
  object space 284672K, 47% used [0x00000000a0000000,0x00000000a830ac58,0x00000000b1600000)
 Metaspace       used 95519K, capacity 102438K, committed 102744K, reserved 1138688K
  class space    used 11914K, capacity 13345K, committed 13400K, reserved 1048576K
Event: 6501.595 GC heap after
Heap after GC invocations=78 (full 6):
 PSYoungGen      total 450048K, used 8647K [0x00000000e0000000, 0x00000000ff580000, 0x0000000100000000)
  eden space 383488K, 0% used [0x00000000e0000000,0x00000000e0000000,0x00000000f7680000)
  from space 66560K, 12% used [0x00000000fb480000,0x00000000fbcf1cf8,0x00000000ff580000)
  to   space 63488K, 0% used [0x00000000f7680000,0x00000000f7680000,0x00000000fb480000)
 ParOldGen       total 284672K, used 134195K [0x00000000a0000000, 0x00000000b1600000, 0x00000000e0000000)
  object space 284672K, 47% used [0x00000000a0000000,0x00000000a830cc58,0x00000000b1600000)
 Metaspace       used 95519K, capacity 102438K, committed 102744K, reserved 1138688K
  class space    used 11914K, capacity 13345K, committed 13400K, reserved 1048576K
}
Event: 7706.512 GC heap before
{Heap before GC invocations=79 (full 6):
 PSYoungGen      total 450048K, used 392135K [0x00000000e0000000, 0x00000000ff580000, 0x0000000100000000)
  eden space 383488K, 100% used [0x00000000e0000000,0x00000000f7680000,0x00000000f7680000)
  from space 66560K, 12% used [0x00000000fb480000,0x00000000fbcf1cf8,0x00000000ff580000)
  to   space 63488K, 0% used [0x00000000f7680000,0x00000000f7680000,0x00000000fb480000)
 ParOldGen       total 284672K, used 134195K [0x00000000a0000000, 0x00000000b1600000, 0x00000000e0000000)
  object space 284672K, 47% used [0x00000000a0000000,0x00000000a830cc58,0x00000000b1600000)
 Metaspace       used 95693K, capacity 102658K, committed 102744K, reserved 1138688K
  class space    used 11938K, capacity 13391K, committed 13400K, reserved 1048576K
Event: 7706.532 GC heap after
Heap after GC invocations=79 (full 6):
 PSYoungGen      total 446976K, used 8967K [0x00000000e0000000, 0x00000000ff700000, 0x0000000100000000)
  eden space 383488K, 0% used [0x00000000e0000000,0x00000000e0000000,0x00000000f7680000)
  from space 63488K, 14% used [0x00000000f7680000,0x00000000f7f41db8,0x00000000fb480000)
  to   space 60416K, 0% used [0x00000000fbc00000,0x00000000fbc00000,0x00000000ff700000)
 ParOldGen       total 284672K, used 134203K [0x00000000a0000000, 0x00000000b1600000, 0x00000000e0000000)
  object space 284672K, 47% used [0x00000000a0000000,0x00000000a830ec58,0x00000000b1600000)
 Metaspace       used 95693K, capacity 102658K, committed 102744K, reserved 1138688K
  class space    used 11938K, capacity 13391K, committed 13400K, reserved 1048576K
}

